mode: atomic
github.com/shawntherrien/databridge/plugins/generate_flowfile.go:18.64,61.2 2 7
github.com/shawntherrien/databridge/plugins/generate_flowfile.go:64.82,69.35 3 2
github.com/shawntherrien/databridge/plugins/generate_flowfile.go:69.35,71.3 1 1
github.com/shawntherrien/databridge/plugins/generate_flowfile.go:73.2,73.12 1 1
github.com/shawntherrien/databridge/plugins/generate_flowfile.go:77.104,82.9 3 2
github.com/shawntherrien/databridge/plugins/generate_flowfile.go:82.9,84.3 1 1
github.com/shawntherrien/databridge/plugins/generate_flowfile.go:87.2,94.23 6 1
github.com/shawntherrien/databridge/plugins/generate_flowfile.go:94.23,95.69 1 1
github.com/shawntherrien/databridge/plugins/generate_flowfile.go:95.69,97.4 1 0
github.com/shawntherrien/databridge/plugins/generate_flowfile.go:101.2,107.74 3 1
github.com/shawntherrien/databridge/plugins/generate_flowfile.go:107.74,111.3 3 0
github.com/shawntherrien/databridge/plugins/generate_flowfile.go:114.2,120.22 5 1
github.com/shawntherrien/databridge/plugins/generate_flowfile.go:120.22,122.3 1 1
github.com/shawntherrien/databridge/plugins/generate_flowfile.go:125.2,132.12 3 1
github.com/shawntherrien/databridge/plugins/generate_flowfile.go:136.101,140.67 2 4
github.com/shawntherrien/databridge/plugins/generate_flowfile.go:140.67,142.86 2 4
github.com/shawntherrien/databridge/plugins/generate_flowfile.go:142.86,148.4 1 2
github.com/shawntherrien/databridge/plugins/generate_flowfile.go:148.9,148.38 1 2
github.com/shawntherrien/databridge/plugins/generate_flowfile.go:148.38,154.4 1 1
github.com/shawntherrien/databridge/plugins/generate_flowfile.go:157.2,157.16 1 4
github.com/shawntherrien/databridge/plugins/generate_flowfile.go:161.69,163.2 0 1
github.com/shawntherrien/databridge/plugins/generate_flowfile.go:166.123,167.23 1 5
github.com/shawntherrien/databridge/plugins/generate_flowfile.go:167.23,169.3 1 1
github.com/shawntherrien/databridge/plugins/generate_flowfile.go:172.2,172.22 1 5
github.com/shawntherrien/databridge/plugins/generate_flowfile.go:172.22,174.3 1 4
github.com/shawntherrien/databridge/plugins/generate_flowfile.go:177.2,177.12 1 5
github.com/shawntherrien/databridge/plugins/generate_flowfile.go:177.12,179.3 1 2
github.com/shawntherrien/databridge/plugins/generate_flowfile.go:182.2,186.38 3 5
github.com/shawntherrien/databridge/plugins/generate_flowfile.go:186.38,187.56 1 13
github.com/shawntherrien/databridge/plugins/generate_flowfile.go:187.56,189.4 1 8
github.com/shawntherrien/databridge/plugins/generate_flowfile.go:189.9,193.9 3 5
github.com/shawntherrien/databridge/plugins/generate_flowfile.go:197.2,197.15 1 5
github.com/shawntherrien/databridge/pkg/types/flowfile.go:43.30,54.2 2 17
github.com/shawntherrien/databridge/pkg/types/flowfile.go:57.44,61.2 1 2
github.com/shawntherrien/databridge/pkg/types/flowfile.go:64.77,67.2 2 1
github.com/shawntherrien/databridge/pkg/types/flowfile.go:70.84,71.26 1 1
github.com/shawntherrien/databridge/pkg/types/flowfile.go:71.26,73.3 1 2
github.com/shawntherrien/databridge/pkg/types/flowfile.go:74.2,74.10 1 1
github.com/shawntherrien/databridge/pkg/types/flowfile.go:78.82,82.2 3 1
github.com/shawntherrien/databridge/pkg/types/flowfile.go:85.73,89.2 3 2
github.com/shawntherrien/databridge/pkg/types/flowfile.go:92.45,94.2 1 2
github.com/shawntherrien/databridge/pkg/types/flowfile.go:97.38,112.33 3 2
github.com/shawntherrien/databridge/pkg/types/flowfile.go:112.33,114.3 1 3
github.com/shawntherrien/databridge/pkg/types/flowfile.go:117.2,117.27 1 2
github.com/shawntherrien/databridge/pkg/types/flowfile.go:117.27,126.3 1 1
github.com/shawntherrien/databridge/pkg/types/flowfile.go:128.2,128.14 1 2
github.com/shawntherrien/databridge/pkg/types/flowfile.go:132.55,135.2 2 4
github.com/shawntherrien/databridge/pkg/types/flowfile.go:138.48,141.2 2 3
github.com/shawntherrien/databridge/pkg/types/flowfile.go:144.60,147.2 2 2
github.com/shawntherrien/databridge/pkg/types/processor.go:204.58,206.2 1 7
github.com/shawntherrien/databridge/pkg/types/processor.go:209.49,211.2 1 1
github.com/shawntherrien/databridge/pkg/types/processor.go:214.77,218.41 2 3
github.com/shawntherrien/databridge/pkg/types/processor.go:218.41,219.20 1 6
github.com/shawntherrien/databridge/pkg/types/processor.go:219.20,220.77 1 3
github.com/shawntherrien/databridge/pkg/types/processor.go:220.77,226.5 1 2
github.com/shawntherrien/databridge/pkg/types/processor.go:230.2,230.16 1 3
github.com/shawntherrien/databridge/pkg/types/processor.go:234.57,236.2 0 0
github.com/shawntherrien/databridge/internal/core/flow_controller.go:86.19,115.2 6 8
github.com/shawntherrien/databridge/internal/core/flow_controller.go:118.41,122.16 3 4
github.com/shawntherrien/databridge/internal/core/flow_controller.go:122.16,124.3 1 1
github.com/shawntherrien/databridge/internal/core/flow_controller.go:126.2,129.51 2 3
github.com/shawntherrien/databridge/internal/core/flow_controller.go:129.51,131.3 1 0
github.com/shawntherrien/databridge/internal/core/flow_controller.go:134.2,134.46 1 3
github.com/shawntherrien/databridge/internal/core/flow_controller.go:134.46,135.63 1 0
github.com/shawntherrien/databridge/internal/core/flow_controller.go:135.63,137.4 1 0
github.com/shawntherrien/databridge/internal/core/flow_controller.go:140.2,142.12 3 3
github.com/shawntherrien/databridge/internal/core/flow_controller.go:146.40,150.17 3 4
github.com/shawntherrien/databridge/internal/core/flow_controller.go:150.17,152.3 1 1
github.com/shawntherrien/databridge/internal/core/flow_controller.go:154.2,157.44 2 3
github.com/shawntherrien/databridge/internal/core/flow_controller.go:157.44,159.3 1 0
github.com/shawntherrien/databridge/internal/core/flow_controller.go:162.2,162.46 1 3
github.com/shawntherrien/databridge/internal/core/flow_controller.go:162.46,164.3 1 2
github.com/shawntherrien/databridge/internal/core/flow_controller.go:167.2,171.12 4 3
github.com/shawntherrien/databridge/internal/core/flow_controller.go:175.121,197.38 5 6
github.com/shawntherrien/databridge/internal/core/flow_controller.go:197.38,198.23 1 6
github.com/shawntherrien/databridge/internal/core/flow_controller.go:198.23,202.9 4 6
github.com/shawntherrien/databridge/internal/core/flow_controller.go:206.2,212.27 2 6
github.com/shawntherrien/databridge/internal/core/flow_controller.go:216.123,221.13 4 3
github.com/shawntherrien/databridge/internal/core/flow_controller.go:221.13,223.3 1 1
github.com/shawntherrien/databridge/internal/core/flow_controller.go:225.2,226.13 2 2
github.com/shawntherrien/databridge/internal/core/flow_controller.go:226.13,228.3 1 1
github.com/shawntherrien/databridge/internal/core/flow_controller.go:230.2,260.24 8 1
github.com/shawntherrien/databridge/internal/core/flow_controller.go:264.71,269.13 4 3
github.com/shawntherrien/databridge/internal/core/flow_controller.go:269.13,271.3 1 0
github.com/shawntherrien/databridge/internal/core/flow_controller.go:273.2,276.63 3 3
github.com/shawntherrien/databridge/internal/core/flow_controller.go:276.63,278.3 1 1
github.com/shawntherrien/databridge/internal/core/flow_controller.go:281.2,283.43 3 2
github.com/shawntherrien/databridge/internal/core/flow_controller.go:283.43,284.20 1 0
github.com/shawntherrien/databridge/internal/core/flow_controller.go:284.20,286.4 1 0
github.com/shawntherrien/databridge/internal/core/flow_controller.go:289.2,289.21 1 2
github.com/shawntherrien/databridge/internal/core/flow_controller.go:289.21,293.3 3 0
github.com/shawntherrien/databridge/internal/core/flow_controller.go:296.2,296.63 1 2
github.com/shawntherrien/databridge/internal/core/flow_controller.go:296.63,297.63 1 2
github.com/shawntherrien/databridge/internal/core/flow_controller.go:297.63,299.4 1 1
github.com/shawntherrien/databridge/internal/core/flow_controller.go:303.2,309.12 5 1
github.com/shawntherrien/databridge/internal/core/flow_controller.go:313.70,318.13 4 1
github.com/shawntherrien/databridge/internal/core/flow_controller.go:318.13,320.3 1 0
github.com/shawntherrien/databridge/internal/core/flow_controller.go:322.2,323.12 2 1
github.com/shawntherrien/databridge/internal/core/flow_controller.go:328.83,329.82 1 2
github.com/shawntherrien/databridge/internal/core/flow_controller.go:329.82,331.3 1 1
github.com/shawntherrien/databridge/internal/core/flow_controller.go:332.2,332.12 1 1
github.com/shawntherrien/databridge/internal/core/flow_controller.go:335.71,339.63 3 3
github.com/shawntherrien/databridge/internal/core/flow_controller.go:339.63,341.3 1 2
github.com/shawntherrien/databridge/internal/core/flow_controller.go:344.2,351.84 4 1
github.com/shawntherrien/databridge/internal/core/flow_controller.go:355.77,360.2 4 2
github.com/shawntherrien/databridge/internal/core/flow_controller.go:363.72,368.34 4 2
github.com/shawntherrien/databridge/internal/core/flow_controller.go:368.34,370.3 1 1
github.com/shawntherrien/databridge/internal/core/flow_controller.go:371.2,371.15 1 2
github.com/shawntherrien/databridge/internal/core/flow_controller.go:375.75,380.2 4 0
github.com/shawntherrien/databridge/internal/core/flow_controller.go:383.70,388.35 4 1
github.com/shawntherrien/databridge/internal/core/flow_controller.go:388.35,390.3 1 0
github.com/shawntherrien/databridge/internal/core/flow_controller.go:391.2,391.15 1 1
github.com/shawntherrien/databridge/internal/core/flow_controller.go:395.90,403.2 1 1
github.com/shawntherrien/databridge/internal/core/flow_controller.go:408.65,412.32 3 4
github.com/shawntherrien/databridge/internal/core/flow_controller.go:412.32,414.3 1 1
github.com/shawntherrien/databridge/internal/core/flow_controller.go:416.2,418.12 3 3
github.com/shawntherrien/databridge/internal/core/flow_controller.go:422.51,426.27 3 4
github.com/shawntherrien/databridge/internal/core/flow_controller.go:426.27,428.3 1 1
github.com/shawntherrien/databridge/internal/core/flow_controller.go:430.2,433.17 4 3
github.com/shawntherrien/databridge/internal/core/flow_controller.go:437.38,441.2 3 4
github.com/shawntherrien/databridge/internal/core/flow_controller.go:444.40,448.2 3 3
github.com/shawntherrien/databridge/internal/core/flow_controller.go:457.101,462.2 1 6
github.com/shawntherrien/databridge/internal/core/flow_controller.go:465.74,468.2 2 0
github.com/shawntherrien/databridge/internal/core/flow_controller.go:471.71,474.2 2 0
github.com/shawntherrien/databridge/internal/core/flow_controller.go:477.64,480.2 2 0
github.com/shawntherrien/databridge/internal/core/flow_controller.go:483.77,485.2 1 0
github.com/shawntherrien/databridge/internal/core/flow_controller.go:488.59,490.2 1 0
github.com/shawntherrien/databridge/internal/core/flow_controller.go:498.66,500.40 2 2
github.com/shawntherrien/databridge/internal/core/flow_controller.go:500.40,501.61 1 4
github.com/shawntherrien/databridge/internal/core/flow_controller.go:501.61,503.4 1 4
github.com/shawntherrien/databridge/internal/core/flow_controller.go:505.2,505.18 1 2
github.com/shawntherrien/databridge/internal/core/flow_controller.go:509.65,511.40 2 0
github.com/shawntherrien/databridge/internal/core/flow_controller.go:511.40,512.61 1 0
github.com/shawntherrien/databridge/internal/core/flow_controller.go:512.61,514.4 1 0
github.com/shawntherrien/databridge/internal/core/flow_controller.go:516.2,516.17 1 0
github.com/shawntherrien/databridge/internal/core/flow_controller.go:520.65,522.40 2 0
github.com/shawntherrien/databridge/internal/core/flow_controller.go:522.40,523.61 1 0
github.com/shawntherrien/databridge/internal/core/flow_controller.go:523.61,525.4 1 0
github.com/shawntherrien/databridge/internal/core/flow_controller.go:527.2,527.17 1 0
github.com/shawntherrien/databridge/internal/core/flow_controller.go:531.66,533.40 2 0
github.com/shawntherrien/databridge/internal/core/flow_controller.go:533.40,534.61 1 0
github.com/shawntherrien/databridge/internal/core/flow_controller.go:534.61,536.4 1 0
github.com/shawntherrien/databridge/internal/core/flow_controller.go:538.2,538.18 1 0
github.com/shawntherrien/databridge/internal/core/provenance.go:16.70,20.2 1 8
github.com/shawntherrien/databridge/internal/core/provenance.go:23.76,28.2 4 3
github.com/shawntherrien/databridge/internal/core/provenance.go:31.97,36.33 4 5
github.com/shawntherrien/databridge/internal/core/provenance.go:36.33,38.71 1 15
github.com/shawntherrien/databridge/internal/core/provenance.go:38.71,39.12 1 1
github.com/shawntherrien/databridge/internal/core/provenance.go:41.3,41.66 1 14
github.com/shawntherrien/databridge/internal/core/provenance.go:41.66,42.12 1 2
github.com/shawntherrien/databridge/internal/core/provenance.go:44.3,44.74 1 12
github.com/shawntherrien/databridge/internal/core/provenance.go:44.74,45.12 1 1
github.com/shawntherrien/databridge/internal/core/provenance.go:47.3,47.73 1 11
github.com/shawntherrien/databridge/internal/core/provenance.go:47.73,48.12 1 0
github.com/shawntherrien/databridge/internal/core/provenance.go:50.3,50.68 1 11
github.com/shawntherrien/databridge/internal/core/provenance.go:50.68,51.12 1 1
github.com/shawntherrien/databridge/internal/core/provenance.go:53.3,53.35 1 10
github.com/shawntherrien/databridge/internal/core/provenance.go:57.2,57.53 1 5
github.com/shawntherrien/databridge/internal/core/provenance.go:57.53,59.3 1 0
github.com/shawntherrien/databridge/internal/core/provenance.go:60.2,60.51 1 5
github.com/shawntherrien/databridge/internal/core/provenance.go:60.51,62.3 1 0
github.com/shawntherrien/databridge/internal/core/provenance.go:64.2,64.21 1 5
github.com/shawntherrien/databridge/internal/core/provenance.go:68.96,76.33 5 1
github.com/shawntherrien/databridge/internal/core/provenance.go:76.33,77.37 1 3
github.com/shawntherrien/databridge/internal/core/provenance.go:77.37,88.45 3 2
github.com/shawntherrien/databridge/internal/core/provenance.go:88.45,94.5 2 0
github.com/shawntherrien/databridge/internal/core/provenance.go:99.2,99.18 1 1
github.com/shawntherrien/databridge/internal/core/provenance.go:99.18,101.3 1 0
github.com/shawntherrien/databridge/internal/core/provenance.go:102.2,102.18 1 1
github.com/shawntherrien/databridge/internal/core/provenance.go:102.18,104.3 1 1
github.com/shawntherrien/databridge/internal/core/provenance.go:106.2,109.8 1 1
github.com/shawntherrien/databridge/internal/core/provenance.go:113.54,118.2 4 1
github.com/shawntherrien/databridge/internal/core/repository.go:105.84,111.16 3 2
github.com/shawntherrien/databridge/internal/core/repository.go:111.16,113.3 1 0
github.com/shawntherrien/databridge/internal/core/repository.go:115.2,117.8 1 2
github.com/shawntherrien/databridge/internal/core/repository.go:121.74,126.16 4 7
github.com/shawntherrien/databridge/internal/core/repository.go:126.16,128.3 1 0
github.com/shawntherrien/databridge/internal/core/repository.go:130.2,130.49 1 7
github.com/shawntherrien/databridge/internal/core/repository.go:130.49,133.3 2 7
github.com/shawntherrien/databridge/internal/core/repository.go:137.79,143.47 4 5
github.com/shawntherrien/databridge/internal/core/repository.go:143.47,146.17 3 5
github.com/shawntherrien/databridge/internal/core/repository.go:146.17,148.4 1 2
github.com/shawntherrien/databridge/internal/core/repository.go:150.3,150.44 1 3
github.com/shawntherrien/databridge/internal/core/repository.go:150.44,153.4 2 3
github.com/shawntherrien/databridge/internal/core/repository.go:156.2,156.34 1 5
github.com/shawntherrien/databridge/internal/core/repository.go:156.34,158.3 1 2
github.com/shawntherrien/databridge/internal/core/repository.go:160.2,160.22 1 3
github.com/shawntherrien/databridge/internal/core/repository.go:164.63,168.49 3 2
github.com/shawntherrien/databridge/internal/core/repository.go:168.49,171.3 2 2
github.com/shawntherrien/databridge/internal/core/repository.go:175.87,182.47 5 2
github.com/shawntherrien/databridge/internal/core/repository.go:182.47,189.61 6 2
github.com/shawntherrien/databridge/internal/core/repository.go:189.61,190.22 1 9
github.com/shawntherrien/databridge/internal/core/repository.go:190.22,192.13 2 2
github.com/shawntherrien/databridge/internal/core/repository.go:194.4,194.31 1 7
github.com/shawntherrien/databridge/internal/core/repository.go:194.31,195.10 1 2
github.com/shawntherrien/databridge/internal/core/repository.go:198.4,199.45 2 5
github.com/shawntherrien/databridge/internal/core/repository.go:199.45,201.58 2 5
github.com/shawntherrien/databridge/internal/core/repository.go:201.58,203.6 1 0
github.com/shawntherrien/databridge/internal/core/repository.go:204.5,205.15 2 5
github.com/shawntherrien/databridge/internal/core/repository.go:207.4,207.18 1 5
github.com/shawntherrien/databridge/internal/core/repository.go:207.18,209.5 1 0
github.com/shawntherrien/databridge/internal/core/repository.go:210.4,210.11 1 5
github.com/shawntherrien/databridge/internal/core/repository.go:212.3,212.13 1 2
github.com/shawntherrien/databridge/internal/core/repository.go:215.2,215.23 1 2
github.com/shawntherrien/databridge/internal/core/repository.go:219.103,223.49 3 1
github.com/shawntherrien/databridge/internal/core/repository.go:223.49,228.17 3 1
github.com/shawntherrien/databridge/internal/core/repository.go:228.17,230.4 1 0
github.com/shawntherrien/databridge/internal/core/repository.go:232.3,233.43 2 1
github.com/shawntherrien/databridge/internal/core/repository.go:233.43,235.4 1 1
github.com/shawntherrien/databridge/internal/core/repository.go:236.3,236.17 1 1
github.com/shawntherrien/databridge/internal/core/repository.go:236.17,238.4 1 0
github.com/shawntherrien/databridge/internal/core/repository.go:241.3,241.32 1 1
github.com/shawntherrien/databridge/internal/core/repository.go:241.32,243.4 1 2
github.com/shawntherrien/databridge/internal/core/repository.go:244.3,248.17 3 1
github.com/shawntherrien/databridge/internal/core/repository.go:248.17,250.4 1 0
github.com/shawntherrien/databridge/internal/core/repository.go:252.3,252.36 1 1
github.com/shawntherrien/databridge/internal/core/repository.go:257.50,259.2 1 2
github.com/shawntherrien/databridge/internal/core/repository.go:268.92,269.52 1 4
github.com/shawntherrien/databridge/internal/core/repository.go:269.52,271.3 1 0
github.com/shawntherrien/databridge/internal/core/repository.go:273.2,275.8 1 4
github.com/shawntherrien/databridge/internal/core/repository.go:279.90,290.55 3 3
github.com/shawntherrien/databridge/internal/core/repository.go:290.55,292.3 1 0
github.com/shawntherrien/databridge/internal/core/repository.go:294.2,295.62 2 3
github.com/shawntherrien/databridge/internal/core/repository.go:295.62,297.3 1 0
github.com/shawntherrien/databridge/internal/core/repository.go:299.2,299.19 1 3
github.com/shawntherrien/databridge/internal/core/repository.go:303.86,307.16 3 7
github.com/shawntherrien/databridge/internal/core/repository.go:307.16,309.3 1 2
github.com/shawntherrien/databridge/internal/core/repository.go:312.2,312.60 1 5
github.com/shawntherrien/databridge/internal/core/repository.go:312.60,315.34 3 2
github.com/shawntherrien/databridge/internal/core/repository.go:315.34,317.4 1 1
github.com/shawntherrien/databridge/internal/core/repository.go:318.3,318.32 1 1
github.com/shawntherrien/databridge/internal/core/repository.go:318.32,320.4 1 0
github.com/shawntherrien/databridge/internal/core/repository.go:321.3,321.31 1 1
github.com/shawntherrien/databridge/internal/core/repository.go:324.2,324.21 1 4
github.com/shawntherrien/databridge/internal/core/repository.go:328.99,332.16 3 2
github.com/shawntherrien/databridge/internal/core/repository.go:332.16,334.3 1 1
github.com/shawntherrien/databridge/internal/core/repository.go:336.2,336.22 1 1
github.com/shawntherrien/databridge/internal/core/repository.go:336.22,337.66 1 0
github.com/shawntherrien/databridge/internal/core/repository.go:337.66,340.4 2 0
github.com/shawntherrien/databridge/internal/core/repository.go:343.2,343.18 1 1
github.com/shawntherrien/databridge/internal/core/repository.go:347.74,357.55 3 2
github.com/shawntherrien/databridge/internal/core/repository.go:357.55,359.3 1 0
github.com/shawntherrien/databridge/internal/core/repository.go:361.2,363.16 3 2
github.com/shawntherrien/databridge/internal/core/repository.go:363.16,365.3 1 0
github.com/shawntherrien/databridge/internal/core/repository.go:367.2,371.8 1 2
github.com/shawntherrien/databridge/internal/core/repository.go:375.79,378.2 2 2
github.com/shawntherrien/databridge/internal/core/repository.go:381.85,384.2 2 1
github.com/shawntherrien/databridge/internal/core/repository.go:387.85,390.2 2 1
github.com/shawntherrien/databridge/internal/core/repository.go:393.53,395.2 1 4
github.com/shawntherrien/databridge/internal/core/repository.go:406.64,410.2 3 4
github.com/shawntherrien/databridge/internal/core/repository.go:413.57,416.2 2 2
github.com/shawntherrien/databridge/internal/core/repository.go:419.43,422.2 2 2
github.com/shawntherrien/databridge/internal/core/scheduler.go:69.99,81.2 2 8
github.com/shawntherrien/databridge/internal/core/scheduler.go:84.61,88.15 3 3
github.com/shawntherrien/databridge/internal/core/scheduler.go:88.15,90.3 1 0
github.com/shawntherrien/databridge/internal/core/scheduler.go:92.2,102.45 5 3
github.com/shawntherrien/databridge/internal/core/scheduler.go:102.45,104.3 1 0
github.com/shawntherrien/databridge/internal/core/scheduler.go:106.2,108.12 3 3
github.com/shawntherrien/databridge/internal/core/scheduler.go:112.41,116.16 3 3
github.com/shawntherrien/databridge/internal/core/scheduler.go:116.16,118.3 1 0
github.com/shawntherrien/databridge/internal/core/scheduler.go:120.2,123.29 2 3
github.com/shawntherrien/databridge/internal/core/scheduler.go:123.29,125.3 1 3
github.com/shawntherrien/databridge/internal/core/scheduler.go:128.2,139.12 7 3
github.com/shawntherrien/databridge/internal/core/scheduler.go:143.82,148.16 4 1
github.com/shawntherrien/databridge/internal/core/scheduler.go:148.16,150.3 1 0
github.com/shawntherrien/databridge/internal/core/scheduler.go:152.2,161.45 3 1
github.com/shawntherrien/databridge/internal/core/scheduler.go:161.45,162.69 1 0
github.com/shawntherrien/databridge/internal/core/scheduler.go:162.69,164.4 1 0
github.com/shawntherrien/databridge/internal/core/scheduler.go:165.3,165.17 1 0
github.com/shawntherrien/databridge/internal/core/scheduler.go:165.17,167.4 1 0
github.com/shawntherrien/databridge/internal/core/scheduler.go:170.2,176.12 2 1
github.com/shawntherrien/databridge/internal/core/scheduler.go:180.78,190.2 4 1
github.com/shawntherrien/databridge/internal/core/scheduler.go:194.48,195.6 1 3
github.com/shawntherrien/databridge/internal/core/scheduler.go:195.6,196.10 1 3
github.com/shawntherrien/databridge/internal/core/scheduler.go:197.23,198.10 1 3
github.com/shawntherrien/databridge/internal/core/scheduler.go:199.29,200.29 1 0
github.com/shawntherrien/databridge/internal/core/scheduler.go:205.52,210.40 4 0
github.com/shawntherrien/databridge/internal/core/scheduler.go:210.40,213.45 1 0
github.com/shawntherrien/databridge/internal/core/scheduler.go:213.45,215.4 1 0
github.com/shawntherrien/databridge/internal/core/scheduler.go:217.2,220.29 2 0
github.com/shawntherrien/databridge/internal/core/scheduler.go:220.29,222.3 1 0
github.com/shawntherrien/databridge/internal/core/scheduler.go:225.66,227.18 2 0
github.com/shawntherrien/databridge/internal/core/scheduler.go:227.18,230.3 2 0
github.com/shawntherrien/databridge/internal/core/scheduler.go:231.2,247.9 8 0
github.com/shawntherrien/databridge/internal/core/scheduler.go:248.41,248.41 0 0
github.com/shawntherrien/databridge/internal/core/scheduler.go:250.10,258.60 4 0
github.com/shawntherrien/databridge/internal/core/scheduler.go:262.99,268.31 2 1
github.com/shawntherrien/databridge/internal/core/scheduler.go:268.31,270.3 1 0
github.com/shawntherrien/databridge/internal/core/scheduler.go:272.2,272.29 1 1
github.com/shawntherrien/databridge/internal/core/scheduler.go:273.31,275.17 2 1
github.com/shawntherrien/databridge/internal/core/scheduler.go:275.17,277.4 1 0
github.com/shawntherrien/databridge/internal/core/scheduler.go:278.3,278.31 1 1
github.com/shawntherrien/databridge/internal/core/scheduler.go:279.30,280.49 1 0
github.com/shawntherrien/databridge/internal/core/scheduler.go:281.31,283.45 1 0
github.com/shawntherrien/databridge/internal/core/scheduler.go:284.37,287.17 2 0
github.com/shawntherrien/databridge/internal/core/scheduler.go:287.17,289.4 1 0
github.com/shawntherrien/databridge/internal/core/scheduler.go:290.3,290.31 1 0
github.com/shawntherrien/databridge/internal/core/scheduler.go:291.10,292.84 1 0
github.com/shawntherrien/databridge/internal/core/scheduler.go:295.2,295.22 1 1
github.com/shawntherrien/databridge/internal/core/scheduler.go:298.102,299.23 1 1
github.com/shawntherrien/databridge/internal/core/scheduler.go:300.87,301.40 1 1
github.com/shawntherrien/databridge/internal/core/scheduler.go:302.30,304.40 1 0
github.com/shawntherrien/databridge/internal/core/scheduler.go:305.10,306.41 1 0
github.com/shawntherrien/databridge/internal/core/scheduler.go:313.93,323.2 2 8
github.com/shawntherrien/databridge/internal/core/scheduler.go:326.37,329.38 2 3
github.com/shawntherrien/databridge/internal/core/scheduler.go:329.38,331.3 1 30
github.com/shawntherrien/databridge/internal/core/scheduler.go:333.2,333.12 1 3
github.com/shawntherrien/databridge/internal/core/scheduler.go:337.30,341.2 3 3
github.com/shawntherrien/databridge/internal/core/scheduler.go:344.44,347.6 2 30
github.com/shawntherrien/databridge/internal/core/scheduler.go:347.6,348.10 1 30
github.com/shawntherrien/databridge/internal/core/scheduler.go:349.24,351.10 2 28
github.com/shawntherrien/databridge/internal/core/scheduler.go:352.38,353.11 1 2
github.com/shawntherrien/databridge/internal/core/scheduler.go:353.11,356.5 2 2
github.com/shawntherrien/databridge/internal/core/scheduler.go:357.4,357.48 1 0
github.com/shawntherrien/databridge/internal/core/scheduler.go:362.89,367.15 4 0
github.com/shawntherrien/databridge/internal/core/scheduler.go:367.15,374.3 3 0
github.com/shawntherrien/databridge/internal/core/scheduler.go:376.2,399.16 11 0
github.com/shawntherrien/databridge/internal/core/scheduler.go:399.16,402.3 2 0
github.com/shawntherrien/databridge/internal/core/scheduler.go:402.8,403.52 1 0
github.com/shawntherrien/databridge/internal/core/scheduler.go:403.52,405.4 1 0
github.com/shawntherrien/databridge/internal/core/scheduler.go:405.9,407.4 1 0
github.com/shawntherrien/databridge/internal/core/session.go:40.23,52.2 1 1
github.com/shawntherrien/databridge/internal/core/session.go:55.52,67.2 7 0
github.com/shawntherrien/databridge/internal/core/session.go:70.73,73.34 2 0
github.com/shawntherrien/databridge/internal/core/session.go:73.34,75.22 2 0
github.com/shawntherrien/databridge/internal/core/session.go:75.22,76.9 1 0
github.com/shawntherrien/databridge/internal/core/session.go:78.3,78.34 1 0
github.com/shawntherrien/databridge/internal/core/session.go:81.2,82.14 2 0
github.com/shawntherrien/databridge/internal/core/session.go:86.55,96.2 7 1
github.com/shawntherrien/databridge/internal/core/session.go:99.82,112.2 7 0
github.com/shawntherrien/databridge/internal/core/session.go:115.78,124.31 6 0
github.com/shawntherrien/databridge/internal/core/session.go:124.31,126.3 1 0
github.com/shawntherrien/databridge/internal/core/session.go:128.2,129.14 2 0
github.com/shawntherrien/databridge/internal/core/session.go:133.98,139.2 4 0
github.com/shawntherrien/databridge/internal/core/session.go:142.63,149.2 5 0
github.com/shawntherrien/databridge/internal/core/session.go:152.88,157.56 3 1
github.com/shawntherrien/databridge/internal/core/session.go:157.56,161.41 3 1
github.com/shawntherrien/databridge/internal/core/session.go:161.41,163.4 1 0
github.com/shawntherrien/databridge/internal/core/session.go:164.3,164.43 1 1
github.com/shawntherrien/databridge/internal/core/session.go:167.2,170.93 3 1
github.com/shawntherrien/databridge/internal/core/session.go:174.103,179.56 3 0
github.com/shawntherrien/databridge/internal/core/session.go:179.56,182.41 3 0
github.com/shawntherrien/databridge/internal/core/session.go:182.41,184.4 1 0
github.com/shawntherrien/databridge/internal/core/session.go:185.3,185.43 1 0
github.com/shawntherrien/databridge/internal/core/session.go:188.2,188.37 1 0
github.com/shawntherrien/databridge/internal/core/session.go:188.37,191.3 2 0
github.com/shawntherrien/databridge/internal/core/session.go:193.2,193.92 1 0
github.com/shawntherrien/databridge/internal/core/session.go:197.84,202.56 3 0
github.com/shawntherrien/databridge/internal/core/session.go:202.56,205.41 3 0
github.com/shawntherrien/databridge/internal/core/session.go:205.41,207.4 1 0
github.com/shawntherrien/databridge/internal/core/session.go:208.3,208.43 1 0
github.com/shawntherrien/databridge/internal/core/session.go:211.2,214.77 3 0
github.com/shawntherrien/databridge/internal/core/session.go:218.84,224.16 4 0
github.com/shawntherrien/databridge/internal/core/session.go:224.16,226.3 1 0
github.com/shawntherrien/databridge/internal/core/session.go:229.2,229.34 1 0
github.com/shawntherrien/databridge/internal/core/session.go:229.34,231.3 1 0
github.com/shawntherrien/databridge/internal/core/session.go:234.2,239.56 4 0
github.com/shawntherrien/databridge/internal/core/session.go:239.56,242.3 2 0
github.com/shawntherrien/databridge/internal/core/session.go:242.8,246.3 3 0
github.com/shawntherrien/databridge/internal/core/session.go:248.2,249.12 2 0
github.com/shawntherrien/databridge/internal/core/session.go:253.77,254.34 1 0
github.com/shawntherrien/databridge/internal/core/session.go:254.34,256.3 1 0
github.com/shawntherrien/databridge/internal/core/session.go:258.2,259.16 2 0
github.com/shawntherrien/databridge/internal/core/session.go:259.16,261.3 1 0
github.com/shawntherrien/databridge/internal/core/session.go:263.2,264.21 2 0
github.com/shawntherrien/databridge/internal/core/session.go:268.45,272.33 3 0
github.com/shawntherrien/databridge/internal/core/session.go:272.33,274.3 1 0
github.com/shawntherrien/databridge/internal/core/session.go:277.2,277.39 1 0
github.com/shawntherrien/databridge/internal/core/session.go:277.39,278.56 1 0
github.com/shawntherrien/databridge/internal/core/session.go:278.56,280.4 1 0
github.com/shawntherrien/databridge/internal/core/session.go:283.2,283.44 1 0
github.com/shawntherrien/databridge/internal/core/session.go:283.44,284.56 1 0
github.com/shawntherrien/databridge/internal/core/session.go:284.56,286.4 1 0
github.com/shawntherrien/databridge/internal/core/session.go:290.2,290.32 1 0
github.com/shawntherrien/databridge/internal/core/session.go:290.32,291.51 1 0
github.com/shawntherrien/databridge/internal/core/session.go:291.51,293.4 1 0
github.com/shawntherrien/databridge/internal/core/session.go:297.2,297.44 1 0
github.com/shawntherrien/databridge/internal/core/session.go:297.44,308.55 2 0
github.com/shawntherrien/databridge/internal/core/session.go:308.55,310.4 1 0
github.com/shawntherrien/databridge/internal/core/session.go:313.2,315.12 3 0
github.com/shawntherrien/databridge/internal/core/session.go:319.41,323.33 3 0
github.com/shawntherrien/databridge/internal/core/session.go:323.33,325.3 1 0
github.com/shawntherrien/databridge/internal/core/session.go:328.2,328.39 1 0
github.com/shawntherrien/databridge/internal/core/session.go:328.39,329.35 1 0
github.com/shawntherrien/databridge/internal/core/session.go:329.35,331.4 1 0
github.com/shawntherrien/databridge/internal/core/session.go:335.2,342.58 7 0
github.com/shawntherrien/databridge/internal/core/session.go:346.55,348.2 1 0
github.com/shawntherrien/databridge/internal/core/session.go:351.49,355.2 3 0
github.com/shawntherrien/databridge/internal/core/session.go:358.50,362.2 3 0
github.com/shawntherrien/databridge/cmd/databridge/main.go:26.13,27.42 1 0
github.com/shawntherrien/databridge/cmd/databridge/main.go:27.42,30.3 2 0
github.com/shawntherrien/databridge/cmd/databridge/main.go:42.13,61.2 10 0
github.com/shawntherrien/databridge/cmd/databridge/main.go:63.19,64.19 1 0
github.com/shawntherrien/databridge/cmd/databridge/main.go:64.19,66.3 1 0
github.com/shawntherrien/databridge/cmd/databridge/main.go:66.8,70.3 3 0
github.com/shawntherrien/databridge/cmd/databridge/main.go:72.2,74.45 2 0
github.com/shawntherrien/databridge/cmd/databridge/main.go:74.45,76.3 1 0
github.com/shawntherrien/databridge/cmd/databridge/main.go:79.2,81.16 3 0
github.com/shawntherrien/databridge/cmd/databridge/main.go:81.16,84.3 2 0
github.com/shawntherrien/databridge/cmd/databridge/main.go:85.2,85.24 1 0
github.com/shawntherrien/databridge/cmd/databridge/main.go:88.55,93.51 3 0
github.com/shawntherrien/databridge/cmd/databridge/main.go:93.51,95.3 1 0
github.com/shawntherrien/databridge/cmd/databridge/main.go:98.2,99.16 2 0
github.com/shawntherrien/databridge/cmd/databridge/main.go:99.16,101.3 1 0
github.com/shawntherrien/databridge/cmd/databridge/main.go:102.2,105.16 3 0
github.com/shawntherrien/databridge/cmd/databridge/main.go:105.16,107.3 1 0
github.com/shawntherrien/databridge/cmd/databridge/main.go:108.2,122.47 4 0
github.com/shawntherrien/databridge/cmd/databridge/main.go:122.47,124.3 1 0
github.com/shawntherrien/databridge/cmd/databridge/main.go:125.2,125.15 1 0
github.com/shawntherrien/databridge/cmd/databridge/main.go:125.15,126.47 1 0
github.com/shawntherrien/databridge/cmd/databridge/main.go:126.47,128.4 1 0
github.com/shawntherrien/databridge/cmd/databridge/main.go:132.2,132.55 1 0
github.com/shawntherrien/databridge/cmd/databridge/main.go:132.55,134.3 1 0
github.com/shawntherrien/databridge/cmd/databridge/main.go:136.2,143.41 5 0
github.com/shawntherrien/databridge/cmd/databridge/main.go:146.46,154.27 2 0
github.com/shawntherrien/databridge/cmd/databridge/main.go:154.27,155.48 1 0
github.com/shawntherrien/databridge/cmd/databridge/main.go:155.48,157.4 1 0
github.com/shawntherrien/databridge/cmd/databridge/main.go:160.2,160.12 1 0
github.com/shawntherrien/databridge/cmd/databridge/main.go:163.64,187.16 5 0
github.com/shawntherrien/databridge/cmd/databridge/main.go:187.16,189.3 1 0
github.com/shawntherrien/databridge/cmd/databridge/main.go:192.2,209.16 4 0
github.com/shawntherrien/databridge/cmd/databridge/main.go:209.16,211.3 1 0
github.com/shawntherrien/databridge/cmd/databridge/main.go:214.2,219.16 2 0
github.com/shawntherrien/databridge/cmd/databridge/main.go:219.16,221.3 1 0
github.com/shawntherrien/databridge/cmd/databridge/main.go:224.2,224.71 1 0
github.com/shawntherrien/databridge/cmd/databridge/main.go:224.71,226.3 1 0
github.com/shawntherrien/databridge/cmd/databridge/main.go:228.2,228.66 1 0
github.com/shawntherrien/databridge/cmd/databridge/main.go:228.66,230.3 1 0
github.com/shawntherrien/databridge/cmd/databridge/main.go:232.2,233.12 2 0
github.com/shawntherrien/databridge/cmd/databridge/main.go:241.13,265.2 2 0
github.com/shawntherrien/databridge/cmd/databridge/main.go:268.75,270.2 1 0
github.com/shawntherrien/databridge/cmd/databridge/main.go:273.60,294.2 1 0
github.com/shawntherrien/databridge/cmd/databridge/main.go:297.97,302.21 3 0
github.com/shawntherrien/databridge/cmd/databridge/main.go:302.21,305.3 1 0
github.com/shawntherrien/databridge/cmd/databridge/main.go:308.2,314.46 2 0
github.com/shawntherrien/databridge/cmd/databridge/main.go:314.46,319.3 1 0
github.com/shawntherrien/databridge/cmd/databridge/main.go:322.2,322.34 1 0
github.com/shawntherrien/databridge/cmd/databridge/main.go:322.34,324.17 2 0
github.com/shawntherrien/databridge/cmd/databridge/main.go:324.17,327.4 2 0
github.com/shawntherrien/databridge/cmd/databridge/main.go:327.9,334.4 2 0
github.com/shawntherrien/databridge/cmd/databridge/main.go:335.8,338.3 2 0
github.com/shawntherrien/databridge/cmd/databridge/main.go:340.2,340.12 1 0
github.com/shawntherrien/databridge/cmd/databridge/main.go:344.94,347.64 2 0
github.com/shawntherrien/databridge/cmd/databridge/main.go:347.64,350.37 3 0
github.com/shawntherrien/databridge/cmd/databridge/main.go:350.37,351.25 1 0
github.com/shawntherrien/databridge/cmd/databridge/main.go:351.25,353.10 2 0
github.com/shawntherrien/databridge/cmd/databridge/main.go:356.3,356.13 1 0
github.com/shawntherrien/databridge/cmd/databridge/main.go:356.13,362.4 1 0
github.com/shawntherrien/databridge/cmd/databridge/main.go:365.2,365.16 1 0
github.com/shawntherrien/databridge/cmd/databridge/main.go:369.62,371.2 0 0
github.com/shawntherrien/databridge/cmd/databridge/main.go:375.24,376.11 1 0
github.com/shawntherrien/databridge/cmd/databridge/main.go:376.11,378.3 1 0
github.com/shawntherrien/databridge/cmd/databridge/main.go:379.2,379.10 1 0
